The following processes has Re-Define across SubRES:
------------------------------------------------
Scenario-Region-Process

NewTransport-KEA ; SI ; T_P_McyICEPET
NewTech_AGR_KEA ; NI ; ADCF-MoTP-Mob-Bike--PET
NewTech_AGR_KEA ; NI ; ADCF-MoTP-Mob-MTr--DSL
NewTech_AGR_KEA ; NI ; ADCF-MoTP-Mob-MTr--ELC
NewTech_AGR_KEA ; NI ; ADCF-MoTP-Mob-MTr--H2R
NewTech_AGR_KEA ; NI ; ADCF-MoTP-Mob-Trac--DSL
NewTech_AGR_KEA ; NI ; ADCF-MoTP-Mob-Trac--ELC
NewTech_AGR_KEA ; NI ; ADCF-MoTP-Mob-Trac--H2R
NewTech_AGR_KEA ; NI ; ADCF-MoTP-Mob-Uti--DSL
NewTech_AGR_KEA ; NI ; ADCF-MoTP-Mob-Uti--ELC
NewTech_AGR_KEA ; NI ; ADCF-MoTP-Mob-Uti--H2R
NewTech_AGR_KEA ; NI ; ADCF-MoTP-Stat-VacP-ELC
NewTech_AGR_KEA ; NI ; ADCF-MoTP-Stat-VPVSD-ELC
NewTech_AGR_KEA ; NI ; ADCF-PUMP--ELC
NewTech_AGR_KEA ; NI ; ADCF-RFGR--ELC
NewTech_AGR_KEA ; NI ; ADCF-RFGR-HRECSys-ELC
NewTech_AGR_KEA ; NI ; ADCF-WH-Cylinder-ELC
NewTech_AGR_KEA ; NI ; ADCF-WH-Hreco-ELC
NewTech_AGR_KEA ; NI ; AFISH-BOAT-Boat-DSL
NewTech_AGR_KEA ; NI ; AFISH-BOAT-HYBBOAT-DSL
NewTech_AGR_KEA ; NI ; AFISH-LIG--ELC
NewTech_AGR_KEA ; NI ; AFISH-RFGR-RF-ELC
NewTech_AGR_KEA ; NI ; AFORE-LIG--ELC
NewTech_AGR_KEA ; NI ; AFORE-MoTP-Mob-CY--DSL
NewTech_AGR_KEA ; NI ; AFORE-MoTP-Mob-CY--ELC
NewTech_AGR_KEA ; NI ; AFORE-MoTP-Mob-CY--H2R
NewTech_AGR_KEA ; NI ; AFORE-MoTP-Mob-GB--DSL
NewTech_AGR_KEA ; NI ; AFORE-MoTP-Mob-GB--ELC
NewTech_AGR_KEA ; NI ; AFORE-MoTP-Mob-GB--H2R
NewTech_AGR_KEA ; NI ; AFORE-MoTP-Stat--ELC
NewTech_AGR_KEA ; NI ; AHORT-IRG-Irg-ELC
NewTech_AGR_KEA ; NI ; AHORT-IRG-IrgVSD-ELC
NewTech_AGR_KEA ; NI ; AHORT-LIG--ELC
NewTech_AGR_KEA ; NI ; AHORT-MoTP-Mob-MTr--DSL
NewTech_AGR_KEA ; NI ; AHORT-MoTP-Mob-MTr--ELC
NewTech_AGR_KEA ; NI ; AHORT-MoTP-Mob-MTr--H2R
NewTech_AGR_KEA ; NI ; AHORT-MoTP-Mob-Trac--DSL
NewTech_AGR_KEA ; NI ; AHORT-MoTP-Mob-Trac--ELC
NewTech_AGR_KEA ; NI ; AHORT-MoTP-Mob-Trac--H2R
NewTech_AGR_KEA ; NI ; AHORT-MoTP-Mob-Uti--DSL
NewTech_AGR_KEA ; NI ; AHORT-MoTP-Mob-Uti--ELC
NewTech_AGR_KEA ; NI ; AHORT-MoTP-Mob-Uti--H2R
NewTech_AGR_KEA ; NI ; AHORT-MoTP-Stat-Motor-ELC
NewTech_AGR_KEA ; NI ; AINDC-LIG--ELC
NewTech_AGR_KEA ; NI ; AINDC-SH-Boiler-ELC
NewTech_AGR_KEA ; NI ; AINDC-SH-Boiler-H2R
NewTech_AGR_KEA ; NI ; AINDC-SH-Boiler-NGA
NewTech_AGR_KEA ; NI ; AINDC-SH-Boiler-WOD
NewTech_AGR_KEA ; NI ; AINDC-SH-HP-ELC
NewTech_AGR_KEA ; NI ; ALIVE-IRG-Irg-ELC
NewTech_AGR_KEA ; NI ; ALIVE-IRG-IrgVSD-ELC
NewTech_AGR_KEA ; NI ; ALIVE-LIG--ELC
NewTech_AGR_KEA ; NI ; ALIVE-MoTP-Mob-Bike--ELC
NewTech_AGR_KEA ; NI ; ALIVE-MoTP-Mob-Bike--PET
NewTech_AGR_KEA ; NI ; ALIVE-MoTP-Mob-MTr--DSL
NewTech_AGR_KEA ; NI ; ALIVE-MoTP-Mob-MTr--ELC
NewTech_AGR_KEA ; NI ; ALIVE-MoTP-Mob-MTr--H2R
NewTech_AGR_KEA ; NI ; ALIVE-MoTP-Mob-Trac--DSL
NewTech_AGR_KEA ; NI ; ALIVE-MoTP-Mob-Trac--ELC
NewTech_AGR_KEA ; NI ; ALIVE-MoTP-Mob-Trac--H2R
NewTech_AGR_KEA ; NI ; ALIVE-MoTP-Mob-Uti--DSL
NewTech_AGR_KEA ; NI ; ALIVE-MoTP-Mob-Uti--ELC
NewTech_AGR_KEA ; NI ; ALIVE-MoTP-Mob-Uti--H2R
NewTech_AGR_KEA ; SI ; ADCF-IRG-Irg-ELC
NewTech_AGR_KEA ; SI ; ADCF-IRG-IrgVSD-ELC
NewTech_AGR_KEA ; SI ; ADCF-LIG--ELC
NewTech_AGR_KEA ; SI ; ADCF-MoTP-Mob-Bike--ELC
NewTech_AGR_KEA ; SI ; ADCF-MoTP-Mob-Bike--PET
NewTech_AGR_KEA ; SI ; ADCF-MoTP-Mob-MTr--DSL
NewTech_AGR_KEA ; SI ; ADCF-MoTP-Mob-MTr--ELC
NewTech_AGR_KEA ; SI ; ADCF-MoTP-Mob-MTr--H2R
NewTech_AGR_KEA ; SI ; ADCF-MoTP-Mob-Trac--DSL
NewTech_AGR_KEA ; SI ; ADCF-MoTP-Mob-Trac--ELC
NewTech_AGR_KEA ; SI ; ADCF-MoTP-Mob-Trac--H2R
NewTech_AGR_KEA ; SI ; ADCF-MoTP-Mob-Uti--DSL
NewTech_AGR_KEA ; SI ; ADCF-MoTP-Mob-Uti--ELC
NewTech_AGR_KEA ; SI ; ADCF-MoTP-Mob-Uti--H2R
NewTech_AGR_KEA ; SI ; ADCF-MoTP-Stat-VacP-ELC
NewTech_AGR_KEA ; SI ; ADCF-MoTP-Stat-VPVSD-ELC
NewTech_AGR_KEA ; SI ; ADCF-PUMP--ELC
NewTech_AGR_KEA ; SI ; ADCF-RFGR--ELC
NewTech_AGR_KEA ; SI ; ADCF-RFGR-HRECSys-ELC
NewTech_AGR_KEA ; SI ; ADCF-WH-Cylinder-ELC
NewTech_AGR_KEA ; SI ; ADCF-WH-Hreco-ELC
NewTech_AGR_KEA ; SI ; AFISH-BOAT-Boat-DSL
NewTech_AGR_KEA ; SI ; AFISH-BOAT-HYBBOAT-DSL
NewTech_AGR_KEA ; SI ; AFISH-LIG--ELC
NewTech_AGR_KEA ; SI ; AFISH-RFGR-RF-ELC
NewTech_AGR_KEA ; SI ; AFORE-LIG--ELC
NewTech_AGR_KEA ; SI ; AFORE-MoTP-Mob-CY--DSL
NewTech_AGR_KEA ; SI ; AFORE-MoTP-Mob-CY--ELC
NewTech_AGR_KEA ; SI ; AFORE-MoTP-Mob-CY--H2R
NewTech_AGR_KEA ; SI ; AFORE-MoTP-Mob-GB--DSL
NewTech_AGR_KEA ; SI ; AFORE-MoTP-Mob-GB--ELC
NewTech_AGR_KEA ; SI ; AFORE-MoTP-Mob-GB--H2R
NewTech_AGR_KEA ; SI ; AFORE-MoTP-Stat--ELC
NewTech_AGR_KEA ; SI ; AHORT-IRG-Irg-ELC
NewTech_AGR_KEA ; SI ; AHORT-IRG-IrgVSD-ELC
NewTech_AGR_KEA ; SI ; AHORT-LIG--ELC
NewTech_AGR_KEA ; SI ; AHORT-MoTP-Mob-MTr--DSL
NewTech_AGR_KEA ; NI ; ADCF-IRG-Irg-ELC
NewTech_AGR_KEA ; NI ; ADCF-IRG-IrgVSD-ELC
NewTech_AGR_KEA ; NI ; ADCF-LIG--ELC
NewTech_AGR_KEA ; NI ; ADCF-MoTP-Mob-Bike--ELC
NewTech_AGR_TUI ; SI ; ADCF-MoTP-Mob-Bike--ELC
NewTech_AGR_TUI ; SI ; ADCF-MoTP-Mob-Bike--PET
NewTech_AGR_TUI ; SI ; ADCF-MoTP-Mob-MTr--DSL
NewTech_AGR_TUI ; SI ; ADCF-MoTP-Mob-MTr--ELC
NewTech_AGR_TUI ; SI ; ADCF-MoTP-Mob-MTr--H2R
NewTech_AGR_TUI ; SI ; ADCF-MoTP-Mob-Trac--DSL
NewTech_AGR_TUI ; SI ; ADCF-MoTP-Mob-Trac--ELC
NewTech_AGR_TUI ; SI ; ADCF-MoTP-Mob-Trac--H2R
NewTech_AGR_TUI ; SI ; ADCF-MoTP-Mob-Uti--DSL
NewTech_AGR_TUI ; SI ; ADCF-MoTP-Mob-Uti--ELC
NewTech_AGR_TUI ; SI ; ADCF-MoTP-Mob-Uti--H2R
NewTech_AGR_TUI ; SI ; ADCF-MoTP-Stat-VacP-ELC
NewTech_AGR_TUI ; SI ; ADCF-MoTP-Stat-VPVSD-ELC
NewTech_AGR_TUI ; SI ; ADCF-PUMP--ELC
NewTech_AGR_TUI ; SI ; ADCF-RFGR--ELC
NewTech_AGR_TUI ; SI ; ADCF-RFGR-HRECSys-ELC
NewTech_AGR_TUI ; SI ; ADCF-WH-Cylinder-ELC
NewTech_AGR_TUI ; SI ; ADCF-WH-Hreco-ELC
NewTech_AGR_TUI ; SI ; AFISH-BOAT-Boat-DSL
NewTech_AGR_TUI ; SI ; AFISH-BOAT-HYBBOAT-DSL
NewTech_AGR_TUI ; SI ; AFISH-LIG--ELC
NewTech_AGR_TUI ; SI ; AFISH-RFGR-RF-ELC
NewTech_AGR_TUI ; SI ; AFORE-LIG--ELC
NewTech_AGR_TUI ; SI ; AFORE-MoTP-Mob-CY--DSL
NewTech_AGR_TUI ; SI ; AFORE-MoTP-Mob-CY--ELC
NewTech_AGR_TUI ; SI ; AFORE-MoTP-Mob-CY--H2R
NewTech_AGR_TUI ; SI ; AFORE-MoTP-Mob-GB--DSL
NewTech_AGR_TUI ; SI ; AFORE-MoTP-Mob-GB--ELC
NewTech_AGR_TUI ; SI ; AFORE-MoTP-Mob-GB--H2R
NewTech_AGR_TUI ; SI ; AFORE-MoTP-Stat--ELC
NewTech_AGR_TUI ; SI ; AHORT-IRG-Irg-ELC
NewTech_AGR_TUI ; SI ; AHORT-IRG-IrgVSD-ELC
NewTech_AGR_TUI ; SI ; AHORT-LIG--ELC
NewTech_AGR_TUI ; SI ; AHORT-MoTP-Mob-MTr--DSL
NewTech_AGR_TUI ; SI ; AHORT-MoTP-Mob-MTr--ELC
NewTech_AGR_TUI ; SI ; AHORT-MoTP-Mob-MTr--H2R
NewTech_AGR_TUI ; SI ; AHORT-MoTP-Mob-Trac--DSL
NewTech_AGR_TUI ; SI ; AHORT-MoTP-Mob-Trac--ELC
NewTech_AGR_TUI ; SI ; AHORT-MoTP-Mob-Trac--H2R
NewTech_AGR_TUI ; SI ; AHORT-MoTP-Mob-Uti--DSL
NewTech_AGR_TUI ; SI ; AHORT-MoTP-Mob-Uti--ELC
NewTech_AGR_TUI ; SI ; AHORT-MoTP-Mob-Uti--H2R
NewTech_AGR_TUI ; SI ; AHORT-MoTP-Stat-Motor-ELC
NewTech_AGR_TUI ; SI ; AINDC-LIG--ELC
NewTech_AGR_TUI ; SI ; AINDC-SH-Boiler-ELC
NewTech_AGR_TUI ; SI ; AINDC-SH-Boiler-H2R
NewTech_AGR_TUI ; SI ; AINDC-SH-Boiler-WOD
NewTech_AGR_TUI ; SI ; AINDC-SH-HP-ELC
NewTech_AGR_TUI ; SI ; ALIVE-IRG-Irg-ELC
NewTech_AGR_TUI ; SI ; ALIVE-IRG-IrgVSD-ELC
NewTech_AGR_TUI ; SI ; ALIVE-LIG--ELC
NewTech_AGR_TUI ; SI ; ALIVE-MoTP-Mob-Bike--ELC
NewTech_AGR_TUI ; SI ; ALIVE-MoTP-Mob-Bike--PET
NewTech_AGR_TUI ; SI ; ALIVE-MoTP-Mob-MTr--DSL
NewTech_AGR_TUI ; SI ; ALIVE-MoTP-Mob-MTr--ELC
NewTech_AGR_TUI ; SI ; ALIVE-MoTP-Mob-MTr--H2R
NewTech_AGR_TUI ; SI ; ALIVE-MoTP-Mob-Trac--DSL
NewTech_AGR_TUI ; SI ; ALIVE-MoTP-Mob-Trac--ELC
NewTech_AGR_TUI ; SI ; ALIVE-MoTP-Mob-Trac--H2R
NewTech_AGR_TUI ; SI ; ALIVE-MoTP-Mob-Uti--DSL
NewTech_AGR_TUI ; SI ; ALIVE-MoTP-Mob-Uti--ELC
NewTech_AGR_TUI ; SI ; ALIVE-MoTP-Mob-Uti--H2R
NewTech_ELC_TUI ; NI ; EHCOL_SCPC20
NewTech_ELC_TUI ; NI ; EHYD-DAM-New20
NewTech_ELC_TUI ; NI ; EHYDPUMPSTG_L
NewTech_ELC_TUI ; NI ; EHYDPUMPSTG_S
NewTech_ELC_TUI ; NI ; EHYD-RR-New20
NewTech_ELC_TUI ; NI ; EHYD-RR-NSmall20
NewTech_ELC_TUI ; NI ; ENGA_CCS30
NewTech_ELC_TUI ; NI ; ENGA_GTCC20
NewTech_ELC_TUI ; NI ; ENGA_GTCCF20
NewTech_ELC_TUI ; NI ; ENUC_EPR30
NewTech_ELC_TUI ; NI ; ENUC_FBR50
NewTech_ELC_TUI ; NI ; ENUC_LWR20
NewTech_ELC_TUI ; NI ; EOIL20
NewTech_ELC_TUI ; NI ; ESOLPVBCOM20
NewTech_ELC_TUI ; NI ; ESOLPVBRES20
NewTech_ELC_TUI ; NI ; ESOLPVDISTGR20
NewTech_ELC_TUI ; NI ; ESOLPVUTIFIX20
NewTech_ELC_TUI ; NI ; ESOLPVUTITRAC20
NewTech_ELC_TUI ; NI ; ETIDE20
NewTech_ELC_TUI ; NI ; EWINDCONS20
NewTech_ELC_TUI ; NI ; EWINDDIST20
NewTech_ELC_TUI ; NI ; EWINDHIGHCF20
NewTech_ELC_TUI ; NI ; EWINDLOWCF20
NewTech_ELC_TUI ; NI ; EWINDOFFSFIX20
NewTech_ELC_TUI ; NI ; EWINDOFFSFLOA20
NewTech_ELC_TUI ; NI ; EWOD20
NewTech_ELC_TUI ; NI ; EWSTINC20
NewTech_ELC_TUI ; SI ; CCS_Store1
NewTech_ELC_TUI ; SI ; CCS_Store2
NewTech_ELC_TUI ; SI ; EBAT-Li-Ion
NewTech_ELC_TUI ; SI ; EBATUTIFLOW
NewTech_ELC_TUI ; SI ; EBATUTILION
NewTech_ELC_TUI ; SI ; EBIG20
NewTech_ELC_TUI ; SI ; EBIL20
NewTech_ELC_TUI ; SI ; EGEOBIN20
NewTech_ELC_TUI ; SI ; EGEOCONSBIN20
NewTech_ELC_TUI ; SI ; EGEOCONSFLSH20
NewTech_ELC_TUI ; SI ; EGEOFLSH20
NewTech_ELC_TUI ; SI ; EHCO_CCS30
NewTech_ELC_TUI ; SI ; EHCO_SCPC20
NewTech_ELC_TUI ; SI ; EHCOL_CCS30
NewTech_ELC_TUI ; SI ; EHCOL_SCPC20
NewTech_ELC_TUI ; SI ; EHYD-DAM-New20
NewTech_ELC_TUI ; SI ; EHYDPUMPSTG_L
NewTech_ELC_TUI ; SI ; EHYDPUMPSTG_S
NewTech_ELC_TUI ; SI ; EHYD-RR-New20
NewTech_ELC_TUI ; SI ; EHYD-RR-NSmall20
NewTech_ELC_TUI ; SI ; ENGA_CCS30
NewTech_ELC_TUI ; SI ; ENGA_GTCC20
NewTech_ELC_TUI ; SI ; ENGA_GTCCF20
NewTech_ELC_TUI ; SI ; ENUC_EPR30
NewTech_ELC_TUI ; SI ; ENUC_FBR50
NewTech_ELC_TUI ; SI ; ENUC_LWR20
NewTech_ELC_TUI ; SI ; EOIL20
NewTech_ELC_TUI ; SI ; ESOLPVBCOM20
NewTech_ELC_TUI ; SI ; ESOLPVBRES20
NewTech_ELC_TUI ; SI ; ESOLPVDISTGR20
NewTech_ELC_TUI ; SI ; ESOLPVUTIFIX20
NewTech_ELC_TUI ; SI ; ESOLPVUTITRAC20
NewTech_ELC_TUI ; SI ; ETIDE20
NewTech_ELC_TUI ; SI ; EWINDCONS20
NewTech_ELC_TUI ; SI ; EWINDDIST20
NewTech_ELC_TUI ; SI ; EWINDHIGHCF20
NewTech_ELC_TUI ; SI ; EWINDLOWCF20
NewTech_ELC_TUI ; SI ; EWINDOFFSFIX20
NewTech_ELC_TUI ; SI ; EWINDOFFSFLOA20
NewTech_ELC_TUI ; SI ; EWOD20
NewTech_ELC_TUI ; SI ; EWSTINC20
NewTransport-KEA ; NI ; T_C_CBEVELC
NewTransport-KEA ; NI ; T_F_MTrFCH2R
NewTransport-KEA ; NI ; T_F_MTrICEDSL
NewTransport-KEA ; NI ; T_F_VHTBEVELC
NewTransport-KEA ; NI ; T_F_VHTFCH2R
NewTransport-KEA ; NI ; T_F_VHTICEDSL
NewTransport-KEA ; NI ; T_P_BusBEVELC
NewTransport-KEA ; NI ; T_P_BusFCH2R
NewTransport-KEA ; NI ; T_P_BusICEDSL
NewTransport-KEA ; NI ; T_P_CBEVELC
NewTransport-KEA ; NI ; T_P_CFCH2R
NewTransport-KEA ; NI ; T_P_CHYBDSL
NewTransport-KEA ; NI ; T_P_CHYBPET
NewTransport-KEA ; NI ; T_P_CICEDSL
NewTransport-KEA ; NI ; T_P_CICEPET
NewTransport-KEA ; NI ; T_P_CPHEVDSL
NewTransport-KEA ; NI ; T_P_CPHEVPET
NewTransport-KEA ; NI ; T_P_McyBEVELC
NewTransport-KEA ; NI ; T_P_McyICEPET
NewTransport-KEA ; SI ; T_C_CBEVELC
NewTransport-KEA ; SI ; T_C_CFCH2R
NewTransport-KEA ; SI ; T_C_CHYBDSL
NewTransport-KEA ; SI ; T_C_CHYBPET
NewTransport-KEA ; SI ; T_C_CICEDSL
NewTransport-KEA ; SI ; T_C_CICEPET
NewTransport-KEA ; SI ; T_C_CPHEVDSL
NewTransport-KEA ; SI ; T_C_CPHEVPET
NewTransport-KEA ; SI ; T_F_HTrBEVELC
NewTransport-KEA ; SI ; T_F_HTrFCH2R
NewTransport-KEA ; SI ; T_F_HTrICEDSL
NewTransport-KEA ; SI ; T_F_MTrBEVELC
NewTransport-KEA ; SI ; T_F_MTrFCH2R
NewTransport-KEA ; SI ; T_F_MTrICEDSL
NewTransport-KEA ; SI ; T_F_VHTBEVELC
NewTransport-KEA ; SI ; T_F_VHTFCH2R
NewTransport-KEA ; SI ; T_F_VHTICEDSL
NewTransport-KEA ; SI ; T_P_BusBEVELC
NewTransport-KEA ; SI ; T_P_BusFCH2R
NewTransport-KEA ; SI ; T_P_BusICEDSL
NewTransport-KEA ; SI ; T_P_CBEVELC
NewTransport-KEA ; SI ; T_P_CFCH2R
NewTransport-KEA ; SI ; T_P_CHYBDSL
NewTransport-KEA ; SI ; T_P_CHYBPET
NewTransport-KEA ; SI ; T_P_CICEDSL
NewTransport-KEA ; SI ; T_P_CICEPET
NewTransport-KEA ; SI ; T_P_CPHEVDSL
NewTransport-KEA ; SI ; T_P_CPHEVPET
NewTransport-KEA ; SI ; T_P_McyBEVELC
NewTransport-TUI ; NI ; T_C_CBEVELC
NewTransport-KEA ; NI ; T_C_CFCH2R
NewTransport-KEA ; NI ; T_C_CHYBDSL
NewTransport-KEA ; NI ; T_C_CHYBPET
NewTransport-KEA ; NI ; T_C_CICEDSL
NewTransport-KEA ; NI ; T_C_CICEPET
NewTransport-KEA ; NI ; T_C_CPHEVDSL
NewTransport-KEA ; NI ; T_C_CPHEVPET
NewTransport-KEA ; NI ; T_F_HTrBEVELC
NewTransport-KEA ; NI ; T_F_HTrFCH2R
NewTransport-KEA ; NI ; T_F_HTrICEDSL
NewTransport-KEA ; NI ; T_F_MTrBEVELC
NewTransport-TUI ; NI ; T_C_CFCH2R
NewTransport-TUI ; NI ; T_C_CHYBDSL
NewTransport-TUI ; NI ; T_C_CHYBPET
NewTransport-TUI ; NI ; T_C_CICEDSL
NewTransport-TUI ; NI ; T_C_CICEPET
NewTransport-TUI ; NI ; T_C_CPHEVDSL
NewTransport-TUI ; NI ; T_C_CPHEVPET
NewTransport-TUI ; NI ; T_F_HTrBEVELC
NewTransport-TUI ; NI ; T_F_HTrFCH2R
NewTech_AGR_KEA ; SI ; AHORT-MoTP-Mob-MTr--ELC
NewTech_AGR_KEA ; SI ; AHORT-MoTP-Mob-MTr--H2R
NewTech_AGR_KEA ; SI ; AHORT-MoTP-Mob-Trac--DSL
NewTech_AGR_KEA ; SI ; AHORT-MoTP-Mob-Trac--ELC
NewTech_AGR_KEA ; SI ; AHORT-MoTP-Mob-Trac--H2R
NewTech_AGR_KEA ; SI ; AHORT-MoTP-Mob-Uti--DSL
NewTech_AGR_KEA ; SI ; AHORT-MoTP-Mob-Uti--ELC
NewTech_AGR_KEA ; SI ; AHORT-MoTP-Mob-Uti--H2R
NewTech_AGR_KEA ; SI ; AHORT-MoTP-Stat-Motor-ELC
NewTech_AGR_KEA ; SI ; AINDC-LIG--ELC
NewTech_AGR_KEA ; SI ; AINDC-SH-Boiler-ELC
NewTech_AGR_KEA ; SI ; AINDC-SH-Boiler-H2R
NewTech_AGR_KEA ; SI ; AINDC-SH-Boiler-WOD
NewTech_AGR_KEA ; SI ; AINDC-SH-HP-ELC
NewTech_AGR_KEA ; SI ; ALIVE-IRG-Irg-ELC
NewTech_AGR_KEA ; SI ; ALIVE-IRG-IrgVSD-ELC
NewTech_AGR_KEA ; SI ; ALIVE-LIG--ELC
NewTech_AGR_KEA ; SI ; ALIVE-MoTP-Mob-Bike--ELC
NewTech_AGR_KEA ; SI ; ALIVE-MoTP-Mob-Bike--PET
NewTech_AGR_KEA ; SI ; ALIVE-MoTP-Mob-MTr--DSL
NewTech_AGR_KEA ; SI ; ALIVE-MoTP-Mob-MTr--ELC
NewTech_AGR_KEA ; SI ; ALIVE-MoTP-Mob-MTr--H2R
NewTech_AGR_KEA ; SI ; ALIVE-MoTP-Mob-Trac--DSL
NewTech_AGR_KEA ; SI ; ALIVE-MoTP-Mob-Trac--ELC
NewTech_AGR_KEA ; SI ; ALIVE-MoTP-Mob-Trac--H2R
NewTech_AGR_KEA ; SI ; ALIVE-MoTP-Mob-Uti--DSL
NewTech_AGR_KEA ; SI ; ALIVE-MoTP-Mob-Uti--ELC
NewTech_AGR_KEA ; SI ; ALIVE-MoTP-Mob-Uti--H2R
NewTech_AGR_TUI ; NI ; ADCF-IRG-Irg-ELC
NewTech_AGR_TUI ; NI ; ADCF-IRG-IrgVSD-ELC
NewTech_AGR_TUI ; NI ; ADCF-LIG--ELC
NewTech_AGR_TUI ; NI ; ADCF-MoTP-Mob-Bike--ELC
NewTech_AGR_TUI ; NI ; ADCF-MoTP-Mob-Bike--PET
NewTech_AGR_TUI ; NI ; ADCF-MoTP-Mob-MTr--DSL
NewTech_AGR_TUI ; NI ; ADCF-MoTP-Mob-MTr--ELC
NewTech_AGR_TUI ; NI ; ADCF-MoTP-Mob-MTr--H2R
NewTech_AGR_TUI ; NI ; ADCF-MoTP-Mob-Trac--DSL
NewTech_AGR_TUI ; NI ; ADCF-MoTP-Mob-Trac--ELC
NewTech_AGR_TUI ; NI ; ADCF-MoTP-Mob-Trac--H2R
NewTech_AGR_TUI ; NI ; ADCF-MoTP-Mob-Uti--DSL
NewTech_AGR_TUI ; NI ; ADCF-MoTP-Mob-Uti--ELC
NewTech_AGR_TUI ; NI ; ADCF-MoTP-Mob-Uti--H2R
NewTech_AGR_TUI ; NI ; ADCF-MoTP-Stat-VacP-ELC
NewTech_AGR_TUI ; NI ; ADCF-MoTP-Stat-VPVSD-ELC
NewTech_AGR_TUI ; NI ; ADCF-PUMP--ELC
NewTech_AGR_TUI ; NI ; ADCF-RFGR--ELC
NewTech_AGR_TUI ; NI ; ADCF-RFGR-HRECSys-ELC
NewTech_AGR_TUI ; NI ; ADCF-WH-Cylinder-ELC
NewTech_AGR_TUI ; NI ; ADCF-WH-Hreco-ELC
NewTech_AGR_TUI ; NI ; AFISH-BOAT-Boat-DSL
NewTech_AGR_TUI ; NI ; AFISH-BOAT-HYBBOAT-DSL
NewTech_AGR_TUI ; NI ; AFISH-LIG--ELC
NewTech_AGR_TUI ; NI ; AFISH-RFGR-RF-ELC
NewTech_AGR_TUI ; NI ; AFORE-LIG--ELC
NewTech_AGR_TUI ; NI ; AFORE-MoTP-Mob-CY--DSL
NewTech_AGR_TUI ; NI ; AFORE-MoTP-Mob-CY--ELC
NewTech_AGR_TUI ; NI ; AFORE-MoTP-Mob-CY--H2R
NewTech_AGR_TUI ; NI ; AFORE-MoTP-Mob-GB--DSL
NewTech_AGR_TUI ; NI ; AFORE-MoTP-Mob-GB--ELC
NewTech_AGR_TUI ; NI ; AFORE-MoTP-Mob-GB--H2R
NewTech_AGR_TUI ; NI ; AFORE-MoTP-Stat--ELC
NewTech_AGR_TUI ; NI ; AHORT-IRG-Irg-ELC
NewTech_AGR_TUI ; NI ; AHORT-IRG-IrgVSD-ELC
NewTech_AGR_TUI ; NI ; AHORT-LIG--ELC
NewTech_AGR_TUI ; NI ; AHORT-MoTP-Mob-MTr--DSL
NewTech_AGR_TUI ; NI ; AHORT-MoTP-Mob-MTr--ELC
NewTech_AGR_TUI ; NI ; AHORT-MoTP-Mob-MTr--H2R
NewTech_AGR_TUI ; NI ; AHORT-MoTP-Mob-Trac--DSL
NewTech_AGR_TUI ; NI ; AHORT-MoTP-Mob-Trac--ELC
NewTech_AGR_TUI ; NI ; AHORT-MoTP-Mob-Trac--H2R
NewTech_AGR_TUI ; NI ; AHORT-MoTP-Mob-Uti--DSL
NewTech_AGR_TUI ; NI ; AHORT-MoTP-Mob-Uti--ELC
NewTech_AGR_TUI ; NI ; AHORT-MoTP-Mob-Uti--H2R
NewTech_AGR_TUI ; NI ; AHORT-MoTP-Stat-Motor-ELC
NewTech_AGR_TUI ; NI ; AINDC-LIG--ELC
NewTech_AGR_TUI ; NI ; AINDC-SH-Boiler-ELC
NewTech_AGR_TUI ; NI ; AINDC-SH-Boiler-H2R
NewTech_AGR_TUI ; NI ; AINDC-SH-Boiler-NGA
NewTech_AGR_TUI ; NI ; AINDC-SH-Boiler-WOD
NewTech_AGR_TUI ; NI ; AINDC-SH-HP-ELC
NewTech_AGR_TUI ; NI ; ALIVE-IRG-Irg-ELC
NewTech_AGR_TUI ; NI ; ALIVE-IRG-IrgVSD-ELC
NewTech_AGR_TUI ; NI ; ALIVE-LIG--ELC
NewTech_AGR_TUI ; NI ; ALIVE-MoTP-Mob-Bike--ELC
NewTech_AGR_TUI ; NI ; ALIVE-MoTP-Mob-Bike--PET
NewTech_AGR_TUI ; NI ; ALIVE-MoTP-Mob-MTr--DSL
NewTech_AGR_TUI ; NI ; ALIVE-MoTP-Mob-MTr--ELC
NewTech_AGR_TUI ; NI ; ALIVE-MoTP-Mob-MTr--H2R
NewTech_AGR_TUI ; NI ; ALIVE-MoTP-Mob-Trac--DSL
NewTech_AGR_TUI ; NI ; ALIVE-MoTP-Mob-Trac--ELC
NewTech_AGR_TUI ; NI ; ALIVE-MoTP-Mob-Trac--H2R
NewTech_AGR_TUI ; NI ; ALIVE-MoTP-Mob-Uti--DSL
NewTech_AGR_TUI ; NI ; ALIVE-MoTP-Mob-Uti--ELC
NewTech_AGR_TUI ; NI ; ALIVE-MoTP-Mob-Uti--H2R
NewTech_AGR_TUI ; SI ; ADCF-IRG-Irg-ELC
NewTech_AGR_TUI ; SI ; ADCF-IRG-IrgVSD-ELC
NewTech_AGR_TUI ; SI ; ADCF-LIG--ELC
NewTech_ELC_KEA ; NI ; CCS_Store1
NewTech_ELC_KEA ; NI ; CCS_Store2
NewTech_ELC_KEA ; NI ; EBAT-Li-Ion
NewTech_ELC_KEA ; NI ; EBATUTIFLOW
NewTech_ELC_KEA ; NI ; EBATUTILION
NewTech_ELC_KEA ; NI ; EBIG20
NewTech_ELC_KEA ; NI ; EBIL20
NewTech_ELC_KEA ; NI ; EGEOBIN20
NewTech_ELC_KEA ; NI ; EGEOCONSBIN20
NewTech_ELC_KEA ; NI ; EGEOCONSFLSH20
NewTech_ELC_KEA ; NI ; EGEOFLSH20
NewTech_ELC_KEA ; NI ; EHCO_CCS30
NewTech_ELC_KEA ; NI ; EHCO_SCPC20
NewTech_ELC_KEA ; NI ; EHCOL_CCS30
NewTech_ELC_KEA ; NI ; EHCOL_SCPC20
NewTech_ELC_KEA ; NI ; EHYD-DAM-New20
NewTech_ELC_KEA ; NI ; EHYDPUMPSTG_L
NewTech_ELC_KEA ; NI ; EHYDPUMPSTG_S
NewTech_ELC_KEA ; NI ; EHYD-RR-New20
NewTech_ELC_KEA ; NI ; EHYD-RR-NSmall20
NewTech_ELC_KEA ; NI ; ENGA_CCS30
NewTech_ELC_KEA ; NI ; ENGA_GTCC20
NewTech_ELC_KEA ; NI ; ENGA_GTCCF20
NewTech_ELC_KEA ; NI ; ENUC_EPR30
NewTech_ELC_KEA ; NI ; ENUC_FBR50
NewTech_ELC_KEA ; NI ; ENUC_LWR20
NewTech_ELC_KEA ; NI ; EOIL20
NewTech_ELC_KEA ; NI ; ESOLPVBCOM20
NewTech_ELC_KEA ; NI ; ESOLPVBRES20
NewTech_ELC_KEA ; NI ; ESOLPVDISTGR20
NewTech_ELC_KEA ; NI ; ESOLPVUTIFIX20
NewTech_ELC_KEA ; NI ; ESOLPVUTITRAC20
NewTech_ELC_KEA ; NI ; ETIDE20
NewTech_ELC_KEA ; NI ; EWINDCONS20
NewTech_ELC_KEA ; NI ; EWINDDIST20
NewTech_ELC_KEA ; NI ; EWINDHIGHCF20
NewTech_ELC_KEA ; NI ; EWINDLOWCF20
NewTech_ELC_KEA ; NI ; EWINDOFFSFIX20
NewTech_ELC_KEA ; NI ; EWINDOFFSFLOA20
NewTech_ELC_KEA ; NI ; EWOD20
NewTech_ELC_KEA ; NI ; EWSTINC20
NewTech_ELC_KEA ; SI ; CCS_Store1
NewTech_ELC_KEA ; SI ; CCS_Store2
NewTech_ELC_KEA ; SI ; EBAT-Li-Ion
NewTech_ELC_KEA ; SI ; EBATUTIFLOW
NewTech_ELC_KEA ; SI ; EBATUTILION
NewTech_ELC_KEA ; SI ; EBIG20
NewTech_ELC_KEA ; SI ; EBIL20
NewTech_ELC_KEA ; SI ; EGEOBIN20
NewTech_ELC_KEA ; SI ; EGEOCONSBIN20
NewTech_ELC_KEA ; SI ; EGEOCONSFLSH20
NewTech_ELC_KEA ; SI ; EGEOFLSH20
NewTech_ELC_KEA ; SI ; EHCO_CCS30
NewTech_ELC_KEA ; SI ; EHCO_SCPC20
NewTech_ELC_KEA ; SI ; EHCOL_CCS30
NewTech_ELC_KEA ; SI ; EHCOL_SCPC20
NewTech_ELC_KEA ; SI ; EHYD-DAM-New20
NewTech_ELC_KEA ; SI ; EHYDPUMPSTG_L
NewTech_ELC_KEA ; SI ; EHYDPUMPSTG_S
NewTech_ELC_KEA ; SI ; EHYD-RR-New20
NewTech_ELC_KEA ; SI ; EHYD-RR-NSmall20
NewTech_ELC_KEA ; SI ; ENGA_CCS30
NewTech_ELC_KEA ; SI ; ENGA_GTCC20
NewTech_ELC_KEA ; SI ; ENGA_GTCCF20
NewTech_ELC_KEA ; SI ; ENUC_EPR30
NewTech_ELC_KEA ; SI ; ENUC_FBR50
NewTech_ELC_KEA ; SI ; ENUC_LWR20
NewTech_ELC_KEA ; SI ; EOIL20
NewTech_ELC_KEA ; SI ; ESOLPVBCOM20
NewTech_ELC_KEA ; SI ; ESOLPVBRES20
NewTech_ELC_KEA ; SI ; ESOLPVDISTGR20
NewTech_ELC_KEA ; SI ; ESOLPVUTIFIX20
NewTech_ELC_KEA ; SI ; ESOLPVUTITRAC20
NewTech_ELC_KEA ; SI ; ETIDE20
NewTech_ELC_KEA ; SI ; EWINDCONS20
NewTech_ELC_KEA ; SI ; EWINDDIST20
NewTech_ELC_KEA ; SI ; EWINDHIGHCF20
NewTech_ELC_KEA ; SI ; EWINDLOWCF20
NewTech_ELC_KEA ; SI ; EWINDOFFSFIX20
NewTech_ELC_KEA ; SI ; EWINDOFFSFLOA20
NewTech_ELC_KEA ; SI ; EWOD20
NewTech_ELC_KEA ; SI ; EWSTINC20
NewTech_ELC_TUI ; NI ; CCS_Store1
NewTech_ELC_TUI ; NI ; CCS_Store2
NewTech_ELC_TUI ; NI ; EBAT-Li-Ion
NewTech_ELC_TUI ; NI ; EBATUTIFLOW
NewTech_ELC_TUI ; NI ; EBATUTILION
NewTech_ELC_TUI ; NI ; EBIG20
NewTech_ELC_TUI ; NI ; EBIL20
NewTech_ELC_TUI ; NI ; EGEOBIN20
NewTech_ELC_TUI ; NI ; EGEOCONSBIN20
NewTech_ELC_TUI ; NI ; EGEOCONSFLSH20
NewTech_ELC_TUI ; NI ; EGEOFLSH20
NewTech_ELC_TUI ; NI ; EHCO_CCS30
NewTech_ELC_TUI ; NI ; EHCO_SCPC20
NewTech_ELC_TUI ; NI ; EHCOL_CCS30
NewTransport-TUI ; NI ; T_F_HTrICEDSL
NewTransport-TUI ; NI ; T_F_MTrBEVELC
NewTransport-TUI ; NI ; T_F_MTrFCH2R
NewTransport-TUI ; NI ; T_F_MTrICEDSL
NewTransport-TUI ; NI ; T_F_VHTBEVELC
NewTransport-TUI ; NI ; T_F_VHTFCH2R
NewTransport-TUI ; NI ; T_F_VHTICEDSL
NewTransport-TUI ; NI ; T_P_BusBEVELC
NewTransport-TUI ; NI ; T_P_BusFCH2R
NewTransport-TUI ; NI ; T_P_BusICEDSL
NewTransport-TUI ; NI ; T_P_CBEVELC
NewTransport-TUI ; NI ; T_P_CFCH2R
NewTransport-TUI ; NI ; T_P_CHYBDSL
NewTransport-TUI ; NI ; T_P_CHYBPET
NewTransport-TUI ; NI ; T_P_CICEDSL
NewTransport-TUI ; NI ; T_P_CICEPET
NewTransport-TUI ; NI ; T_P_CPHEVDSL
NewTransport-TUI ; NI ; T_P_CPHEVPET
NewTransport-TUI ; NI ; T_P_McyBEVELC
NewTransport-TUI ; NI ; T_P_McyICEPET
NewTransport-TUI ; SI ; T_C_CBEVELC
NewTransport-TUI ; SI ; T_C_CFCH2R
NewTransport-TUI ; SI ; T_C_CHYBDSL
NewTransport-TUI ; SI ; T_C_CHYBPET
NewTransport-TUI ; SI ; T_C_CICEDSL
NewTransport-TUI ; SI ; T_C_CICEPET
NewTransport-TUI ; SI ; T_C_CPHEVDSL
NewTransport-TUI ; SI ; T_C_CPHEVPET
NewTransport-TUI ; SI ; T_F_HTrBEVELC
NewTransport-TUI ; SI ; T_F_HTrFCH2R
NewTransport-TUI ; SI ; T_F_HTrICEDSL
NewTransport-TUI ; SI ; T_F_MTrBEVELC
NewTransport-TUI ; SI ; T_F_MTrFCH2R
NewTransport-TUI ; SI ; T_F_MTrICEDSL
NewTransport-TUI ; SI ; T_F_VHTBEVELC
NewTransport-TUI ; SI ; T_F_VHTFCH2R
NewTransport-TUI ; SI ; T_F_VHTICEDSL
NewTransport-TUI ; SI ; T_P_BusBEVELC
NewTransport-TUI ; SI ; T_P_BusFCH2R
NewTransport-TUI ; SI ; T_P_BusICEDSL
NewTransport-TUI ; SI ; T_P_CBEVELC
NewTransport-TUI ; SI ; T_P_CFCH2R
NewTransport-TUI ; SI ; T_P_CHYBDSL
NewTransport-TUI ; SI ; T_P_CHYBPET
NewTransport-TUI ; SI ; T_P_CICEDSL
NewTransport-TUI ; SI ; T_P_CICEPET
NewTransport-TUI ; SI ; T_P_CPHEVDSL
NewTransport-TUI ; SI ; T_P_CPHEVPET
NewTransport-TUI ; SI ; T_P_McyBEVELC
NewTransport-TUI ; SI ; T_P_McyICEPET

