Scenario,Region,Attribute,Process,Commgrp,Commodity,UC_N,Year,Timeslice,Limtype,Valfield
AF_Renewable.NI.NCAP_AF.ESOLPVIND20.-.-.-.2018.FAL-WE-D.FX.0.187888416914501
AF_Renewable.NI.NCAP_AF.ESOLPVIND20.-.-.-.2018.FAL-WE-N.FX.0
AF_Renewable.NI.NCAP_AF.ESOLPVIND20.-.-.-.2018.FAL-WE-P.FX.2.99243135047226E-03
AF_Renewable.NI.NCAP_AF.ESOLPVIND20.-.-.-.2018.FAL-WK-D.FX.0.190008297404292
AF_Renewable.NI.NCAP_AF.ESOLPVIND20.-.-.-.2018.FAL-WK-N.FX.0
AF_Renewable.NI.NCAP_AF.ESOLPVIND20.-.-.-.2018.FAL-WK-P.FX.3.75492587727529E-03
AF_Renewable.NI.NCAP_AF.ESOLPVIND20.-.-.-.2018.SPR-WE-D.FX.0.424432427104598
AF_Renewable.NI.NCAP_AF.ESOLPVIND20.-.-.-.2018.SPR-WE-N.FX.0
AF_Renewable.NI.NCAP_AF.ESOLPVIND20.-.-.-.2018.SPR-WE-P.FX.3.74921290214966E-02
AF_Renewable.NI.NCAP_AF.ESOLPVIND20.-.-.-.2018.SPR-WK-D.FX.0.404566385493091
AF_Renewable.NI.NCAP_AF.ESOLPVIND20.-.-.-.2018.SPR-WK-N.FX.0
AF_Renewable.NI.NCAP_AF.ESOLPVIND20.-.-.-.2018.SPR-WK-P.FX.3.82022893601051E-02
AF_Renewable.NI.NCAP_AF.ESOLPVIND20.-.-.-.2018.SUM-WE-D.FX.0.631398949146181
AF_Renewable.NI.NCAP_AF.ESOLPVIND20.-.-.-.2018.SUM-WE-N.FX.7.52754470149854E-04
AF_Renewable.NI.NCAP_AF.ESOLPVIND20.-.-.-.2018.SUM-WE-P.FX.0.183449052355038
AF_Renewable.NI.NCAP_AF.ESOLPVIND20.-.-.-.2018.SUM-WK-D.FX.0.584099580909489
AF_Renewable.NI.NCAP_AF.ESOLPVIND20.-.-.-.2018.SUM-WK-N.FX.7.51356215561507E-04
AF_Renewable.NI.NCAP_AF.ESOLPVIND20.-.-.-.2018.SUM-WK-P.FX.0.165823124145511
AF_Renewable.NI.NCAP_AF.ESOLPVIND20.-.-.-.2018.WIN-WE-D.FX.0.102830822770774
AF_Renewable.NI.NCAP_AF.ESOLPVIND20.-.-.-.2018.WIN-WE-N.FX.0
AF_Renewable.NI.NCAP_AF.ESOLPVIND20.-.-.-.2018.WIN-WE-P.FX.0
AF_Renewable.NI.NCAP_AF.ESOLPVIND20.-.-.-.2018.WIN-WK-D.FX.0.102604480598317
AF_Renewable.NI.NCAP_AF.ESOLPVIND20.-.-.-.2018.WIN-WK-N.FX.0
AF_Renewable.NI.NCAP_AF.ESOLPVIND20.-.-.-.2018.WIN-WK-P.FX.0
AF_Renewable.SI.NCAP_AF.ESOLPVIND20.-.-.-.2018.FAL-WE-D.FX.0.179001802600977
AF_Renewable.SI.NCAP_AF.ESOLPVIND20.-.-.-.2018.FAL-WE-N.FX.0
AF_Renewable.SI.NCAP_AF.ESOLPVIND20.-.-.-.2018.FAL-WE-P.FX.0.011969725401889
AF_Renewable.SI.NCAP_AF.ESOLPVIND20.-.-.-.2018.FAL-WK-D.FX.0.171007467663862
AF_Renewable.SI.NCAP_AF.ESOLPVIND20.-.-.-.2018.FAL-WK-N.FX.0
AF_Renewable.SI.NCAP_AF.ESOLPVIND20.-.-.-.2018.FAL-WK-P.FX.9.38731469318821E-03
AF_Renewable.SI.NCAP_AF.ESOLPVIND20.-.-.-.2018.SPR-WE-D.FX.0.384249475426056
AF_Renewable.SI.NCAP_AF.ESOLPVIND20.-.-.-.2018.SPR-WE-N.FX.0
AF_Renewable.SI.NCAP_AF.ESOLPVIND20.-.-.-.2018.SPR-WE-P.FX.7.20243531202435E-02
AF_Renewable.SI.NCAP_AF.ESOLPVIND20.-.-.-.2018.SPR-WK-D.FX.0.41724871732673
AF_Renewable.SI.NCAP_AF.ESOLPVIND20.-.-.-.2018.SPR-WK-N.FX.0
AF_Renewable.SI.NCAP_AF.ESOLPVIND20.-.-.-.2018.SPR-WK-P.FX.9.76280728091574E-02
AF_Renewable.SI.NCAP_AF.ESOLPVIND20.-.-.-.2018.SUM-WE-D.FX.0.63396040532933
AF_Renewable.SI.NCAP_AF.ESOLPVIND20.-.-.-.2018.SUM-WE-N.FX.0
AF_Renewable.SI.NCAP_AF.ESOLPVIND20.-.-.-.2018.SUM-WE-P.FX.0.25175455057234
AF_Renewable.SI.NCAP_AF.ESOLPVIND20.-.-.-.2018.SUM-WK-D.FX.0.624732595233627
AF_Renewable.SI.NCAP_AF.ESOLPVIND20.-.-.-.2018.SUM-WK-N.FX.0
AF_Renewable.SI.NCAP_AF.ESOLPVIND20.-.-.-.2018.SUM-WK-P.FX.0.239289065222636
AF_Renewable.SI.NCAP_AF.ESOLPVIND20.-.-.-.2018.WIN-WE-D.FX.8.12490451522165E-02
AF_Renewable.SI.NCAP_AF.ESOLPVIND20.-.-.-.2018.WIN-WE-N.FX.0
AF_Renewable.SI.NCAP_AF.ESOLPVIND20.-.-.-.2018.WIN-WE-P.FX.0
AF_Renewable.SI.NCAP_AF.ESOLPVIND20.-.-.-.2018.WIN-WK-D.FX.8.10702068924977E-02
AF_Renewable.SI.NCAP_AF.ESOLPVIND20.-.-.-.2018.WIN-WK-N.FX.0
AF_Renewable.SI.NCAP_AF.ESOLPVIND20.-.-.-.2018.WIN-WK-P.FX.0
Base_constraints.NI.NCAP_AFA.EGEOCONSLBIN20.-.-.-.0.-.LO.5
Base_constraints.NI.NCAP_AFA.EGEOCONSLBIN20.-.-.-.2020.-.LO.0.9
Base_constraints.NI.NCAP_AFA.EGEOCONSLBIN20.-.-.-.2060.-.LO.0.15
Base_constraints.SI.NCAP_AFA.EGEOCONSLBIN20.-.-.-.0.-.LO.5
Base_constraints.SI.NCAP_AFA.EGEOCONSLBIN20.-.-.-.2020.-.LO.0.9
Base_constraints.SI.NCAP_AFA.EGEOCONSLBIN20.-.-.-.2060.-.LO.0.15
Individualistic.NI.NCAP_DRATE.ESOLPVIND20.-.-.-.0.-.-.5
Individualistic.NI.NCAP_DRATE.ESOLPVIND20.-.-.-.2020.-.-.0.2
Individualistic.NI.NCAP_DRATE.ESOLPVIND20.-.-.-.2040.-.-.0.1
Individualistic.NI.NCAP_FOM.ESOLPVIND20.-.-.-.2040.-.-.10
Individualistic.NI.UC_CAP.ESOLPVIND20.-.-.UC_SOLARPV_IND.2020.-.-.1
Individualistic.SI.NCAP_DRATE.ESOLPVIND20.-.-.-.0.-.-.5
Individualistic.SI.NCAP_DRATE.ESOLPVIND20.-.-.-.2020.-.-.0.2
Individualistic.SI.NCAP_DRATE.ESOLPVIND20.-.-.-.2040.-.-.0.1
Individualistic.SI.NCAP_FOM.ESOLPVIND20.-.-.-.2040.-.-.10
Individualistic.SI.UC_CAP.ESOLPVIND20.-.-.UC_SOLARPV_IND.2020.-.-.1
RE_Potentials.NI.UC_CAP.EGEOCONSLBIN20.-.-.UC_GEO_LARGEBINARY.2021.-.-.1
RE_Potentials.NI.UC_CAP.EGEOCONSLBIN20.-.-.UC_GEONEW_TOTAL.2021.-.-.1
RE_Potentials.SI.UC_CAP.EGEOCONSLBIN20.-.-.UC_GEO_LARGEBINARY.2021.-.-.1
RE_Potentials.SI.UC_CAP.EGEOCONSLBIN20.-.-.UC_GEONEW_TOTAL.2021.-.-.1
WEM_WCM.NI.UC_CAP.EGEOCONSLBIN20.-.-.WEM.2020.-.-.0.930122373680435
WEM_WCM.SI.UC_CAP.EGEOCONSLBIN20.-.-.WEM.2020.-.-.0.930122373680435
WEM_WCM.SI.UC_CAP.EGEOCONSLBIN20.-.-.WEM_SI.2020.-.-.0.930122373680435

